commit 18e21c6bee332df935204ff5d419788b327e47a8
Author: Miguel <mag171@outlook.pt>
Date:   Fri May 29 12:57:26 2026 +0100

    alterações ficheiros html

commit e1355ec739b81497b798fe06d91deb50b2ab64eb
Author: Miguel <mag171@outlook.pt>
Date:   Fri May 29 12:53:11 2026 +0100

    ficheiros php

commit f379dda27ffd25b40d2c751a81563bf8739fcba4
Author: Miguel <mag171@outlook.pt>
Date:   Fri May 29 12:27:23 2026 +0100

    mover o style para o static

commit 6668752ae7077e1cd05d10cdaed090b825020a4b
Author: Miguel <mag171@outlook.pt>
Date:   Fri May 29 12:12:38 2026 +0100

    correção do style no html

commit 4233108c7680268ead4f34314ba14e69bec99586
Author: mag171 <mag171@outlook.pt>
Date:   Fri May 22 13:07:35 2026 +0100

    ficheiros style e imagens

commit 19feb9f8409771664f053f5a4981edee591545b1
Author: mag171 <mag171@outlook.pt>
Date:   Fri May 22 13:04:37 2026 +0100

    alteração reservas

commit f048699d8294bf3d2b0cdbe5a9ca12d1f3ae977b
Author: mag171 <mag171@outlook.pt>
Date:   Fri May 22 13:04:14 2026 +0100

    alteração index

commit 7f2aaa841ae746d51a82a15ab56fe6408be7716c
Author: mag171 <mag171@outlook.pt>
Date:   Fri May 22 12:51:11 2026 +0100

    alteração

commit 169b15a6a82367f390135c5df9f5ab96a412b74b
Author: mag171 <mag171@outlook.pt>
Date:   Fri May 22 12:46:59 2026 +0100

    alteração reservas

commit b7b9cc69b5592bb057968d297fe7cb3ad16020b9
Author: mag171 <mag171@outlook.pt>
Date:   Fri May 22 12:42:57 2026 +0100

    alteração index

commit fb8f06a28a4a7ac639a95489ee7696755047a6e2
Author: joao07legoinha-crypto <joao07legoinha@gmail.com>
Date:   Fri May 22 11:51:12 2026 +0100

    Add files via upload

commit 74ab6f7f7a7379005a9718a9e3d67c2f3a3fd347
Author: joaolegoinha07 <joao07legoinha@gmail.com>
Date:   Fri May 15 12:15:26 2026 +0100

    teste

commit 80c2a5b727b47387dbcc66bcda5e49868412095e
Author: joao07legoinha-crypto <joao07legoinha@gmail.com>
Date:   Fri May 15 11:47:30 2026 +0100

    Initial commit
